<?xml version="1.0" encoding="UTF-8"?>
<robot generator="Robot 7.3 (Python 3.10.11 on win32)" generated="2025-06-18T23:49:00.533697" rpa="false" schemaversion="5">
<suite id="s1" name="Hello" source="d:\QCA_intern\hello.robot">
<kw name="Open Browsers" owner="keyword" type="SETUP">
<kw name="Open Browser" owner="SeleniumLibrary">
<msg time="2025-06-18T23:49:00.932356" level="INFO">Opening browser 'chrome' to base url 'https://lamthaocosmetics.vn/'.</msg>
<arg>${url}</arg>
<arg>${Browser}</arg>
<doc>Opens a new browser instance to the optional ``url``.</doc>
<status status="PASS" start="2025-06-18T23:49:00.932356" elapsed="5.235158"/>
</kw>
<status status="PASS" start="2025-06-18T23:49:00.932356" elapsed="5.236158"/>
</kw>
<test id="s1-t1" name="Login And Purchase" line="9">
<kw name="Menu" owner="keyword">
<kw name="Wait Until Element Is Visible" owner="SeleniumLibrary">
<msg time="2025-06-18T23:49:06.244574" level="WARN">Keyword 'Capture Page Screenshot' could not be run on failure: Message: no such window: target window already closed
from unknown error: web view not found
  (Session info: chrome=137.0.7151.104)
Stacktrace:
	GetHandleVerifier [0x0x7ff737c3cda5+78885]
	GetHandleVerifier [0x0x7ff737c3ce00+78976]
	(No symbol) [0x0x7ff7379f9bca]
	(No symbol) [0x0x7ff7379d1e71]
	(No symbol) [0x0x7ff737a8039e]
	(No symbol) [0x0x7ff737aa0b42]
	(No symbol) [0x0x7ff737a78963]
	(No symbol) [0x0x7ff737a416b1]
	(No symbol) [0x0x7ff737a42443]
	GetHandleVerifier [0x0x7ff737f14eed+3061101]
	GetHandleVerifier [0x0x7ff737f0f33d+3037629]
	GetHandleVerifier [0x0x7ff737f2e592+3165202]
	GetHandleVerifier [0x0x7ff737c5730e+186766]
	GetHandleVerifier [0x0x7ff737c5eb3f+217535]
	GetHandleVerifier [0x0x7ff737c459b4+114740]
	GetHandleVerifier [0x0x7ff737c45b69+115177]
	GetHandleVerifier [0x0x7ff737c2c368+10728]
	BaseThreadInitThunk [0x0x7ffdfc377344+20]
	RtlUserThreadStart [0x0x7ffdfcee26b1+33]
</msg>
<msg time="2025-06-18T23:49:06.265976" level="FAIL">NoSuchWindowException: Message: no such window: target window already closed
from unknown error: web view not found
  (Session info: chrome=137.0.7151.104)
Stacktrace:
	GetHandleVerifier [0x0x7ff737c3cda5+78885]
	GetHandleVerifier [0x0x7ff737c3ce00+78976]
	(No symbol) [0x0x7ff7379f9bca]
	(No symbol) [0x0x7ff7379d1e71]
	(No symbol) [0x0x7ff737a8039e]
	(No symbol) [0x0x7ff737aa0b42]
	(No symbol) [0x0x7ff737a78963]
	(No symbol) [0x0x7ff737a416b1]
	(No symbol) [0x0x7ff737a42443]
	GetHandleVerifier [0x0x7ff737f14eed+3061101]
	GetHandleVerifier [0x0x7ff737f0f33d+3037629]
	GetHandleVerifier [0x0x7ff737f2e592+3165202]
	GetHandleVerifier [0x0x7ff737c5730e+186766]
	GetHandleVerifier [0x0x7ff737c5eb3f+217535]
	GetHandleVerifier [0x0x7ff737c459b4+114740]
	GetHandleVerifier [0x0x7ff737c45b69+115177]
	GetHandleVerifier [0x0x7ff737c2c368+10728]
	BaseThreadInitThunk [0x0x7ffdfc377344+20]
	RtlUserThreadStart [0x0x7ffdfcee26b1+33]
</msg>
<arg>${menu_danhmucsp}</arg>
<arg>20s</arg>
<doc>Waits until the element ``locator`` is visible.</doc>
<status status="FAIL" start="2025-06-18T23:49:06.216774" elapsed="0.055735">NoSuchWindowException: Message: no such window: target window already closed
from unknown error: web view not found
  (Session info: chrome=137.0.7151.104)
Stacktrace:
	GetHandleVerifier [0x0x7ff737c3cda5+78885]
	GetHandleVerifier [0x0x7ff737c3ce00+78976]
	(No symbol) [0x0x7ff7379f9bca]
	(No symbol) [0x0x7ff7379d1e71]
	(No symbol) [0x0x7ff737a8039e]
	(No symbol) [0x0x7ff737aa0b42]
	(No symbol) [0x0x7ff737a78963]
	(No symbol) [0x0x7ff737a416b1]
	(No symbol) [0x0x7ff737a42443]
	GetHandleVerifier [0x0x7ff737f14eed+3061101]
	GetHandleVerifier [0x0x7ff737f0f33d+3037629]
	GetHandleVerifier [0x0x7ff737f2e592+3165202]
	GetHandleVerifier [0x0x7ff737c5730e+186766]
	GetHandleVerifier [0x0x7ff737c5eb3f+217535]
	GetHandleVerifier [0x0x7ff737c459b4+114740]
	GetHandleVerifier [0x0x7ff737c45b69+115177]
	GetHandleVerifier [0x0x7ff737c2c368+10728]
	BaseThreadInitThunk [0x0x7ffdfc377344+20]
	RtlUserThreadStart [0x0x7ffdfcee26b1+33]
</status>
</kw>
<kw name="Mouse Over" owner="SeleniumLibrary">
<arg>${menu_danhmucsp}</arg>
<doc>Simulates hovering the mouse over the element ``locator``.</doc>
<status status="NOT RUN" start="2025-06-18T23:49:06.273510" elapsed="0.000000"/>
</kw>
<kw name="Wait Until Element Is Visible" owner="SeleniumLibrary">
<arg>${submenu_chamsocdamat}</arg>
<arg>20s</arg>
<doc>Waits until the element ``locator`` is visible.</doc>
<status status="NOT RUN" start="2025-06-18T23:49:06.273510" elapsed="0.000999"/>
</kw>
<kw name="Mouse Over" owner="SeleniumLibrary">
<arg>${submenu_chamsocdamat}</arg>
<doc>Simulates hovering the mouse over the element ``locator``.</doc>
<status status="NOT RUN" start="2025-06-18T23:49:06.275406" elapsed="0.000763"/>
</kw>
<kw name="Wait Until Element Is Visible" owner="SeleniumLibrary">
<arg>${link_matna89}</arg>
<arg>20s</arg>
<doc>Waits until the element ``locator`` is visible.</doc>
<status status="NOT RUN" start="2025-06-18T23:49:06.277174" elapsed="0.000995"/>
</kw>
<kw name="Click Element" owner="SeleniumLibrary">
<arg>${link_matna89}</arg>
<doc>Click the element identified by ``locator``.</doc>
<status status="NOT RUN" start="2025-06-18T23:49:06.278981" elapsed="0.000000"/>
</kw>
<status status="FAIL" start="2025-06-18T23:49:06.216275" elapsed="0.063208">NoSuchWindowException: Message: no such window: target window already closed
from unknown error: web view not found
  (Session info: chrome=137.0.7151.104)
Stacktrace:
	GetHandleVerifier [0x0x7ff737c3cda5+78885]
	GetHandleVerifier [0x0x7ff737c3ce00+78976]
	(No symbol) [0x0x7ff7379f9bca]
	(No symbol) [0x0x7ff7379d1e71]
	(No symbol) [0x0x7ff737a8039e]
	(No symbol) [0x0x7ff737aa0b42]
	(No symbol) [0x0x7ff737a78963]
	(No symbol) [0x0x7ff737a416b1]
	(No symbol) [0x0x7ff737a42443]
	GetHandleVerifier [0x0x7ff737f14eed+3061101]
	GetHandleVerifier [0x0x7ff737f0f33d+3037629]
	GetHandleVerifier [0x0x7ff737f2e592+3165202]
	GetHandleVerifier [0x0x7ff737c5730e+186766]
	GetHandleVerifier [0x0x7ff737c5eb3f+217535]
	GetHandleVerifier [0x0x7ff737c459b4+114740]
	GetHandleVerifier [0x0x7ff737c45b69+115177]
	GetHandleVerifier [0x0x7ff737c2c368+10728]
	BaseThreadInitThunk [0x0x7ffdfc377344+20]
	RtlUserThreadStart [0x0x7ffdfcee26b1+33]
</status>
</kw>
<kw name="Select Any Product" owner="keyword">
<status status="NOT RUN" start="2025-06-18T23:49:06.299692" elapsed="0.000000"/>
</kw>
<kw name="Click Buy Now" owner="keyword">
<status status="NOT RUN" start="2025-06-18T23:49:06.308028" elapsed="0.000000"/>
</kw>
<kw name="Fill In User Information" owner="keyword">
<status status="NOT RUN" start="2025-06-18T23:49:06.322321" elapsed="0.000000"/>
</kw>
<kw name="Proceed To Payment Method" owner="keyword">
<status status="NOT RUN" start="2025-06-18T23:49:06.325496" elapsed="0.000697"/>
</kw>
<status status="FAIL" start="2025-06-18T23:49:06.169014" elapsed="0.198667">NoSuchWindowException: Message: no such window: target window already closed
from unknown error: web view not found
  (Session info: chrome=137.0.7151.104)
Stacktrace:
	GetHandleVerifier [0x0x7ff737c3cda5+78885]
	GetHandleVerifier [0x0x7ff737c3ce00+78976]
	(No symbol) [0x0x7ff7379f9bca]
	(No symbol) [0x0x7ff7379d1e71]
	(No symbol) [0x0x7ff737a8039e]
	(No symbol) [0x0x7ff737aa0b42]
	(No symbol) [0x0x7ff737a78963]
	(No symbol) [0x0x7ff737a416b1]
	(No symbol) [0x0x7ff737a42443]
	GetHandleVerifier [0x0x7ff737f14eed+3061101]
	GetHandleVerifier [0x0x7ff737f0f33d+3037629]
	GetHandleVerifier [0x0x7ff737f2e592+3165202]
	GetHandleVerifier [0x0x7ff737c5730e+186766]
	GetHandleVerifier [0x0x7ff737c5eb3f+217535]
	GetHandleVerifier [0x0x7ff737c459b4+114740]
	GetHandleVerifier [0x0x7ff737c45b69+115177]
	GetHandleVerifier [0x0x7ff737c2c368+10728]
	BaseThreadInitThunk [0x0x7ffdfc377344+20]
	RtlUserThreadStart [0x0x7ffdfcee26b1+33]
</status>
</test>
<kw name="Close Browser" owner="SeleniumLibrary" type="TEARDOWN">
<doc>Closes the current browser.</doc>
<status status="PASS" start="2025-06-18T23:49:06.468914" elapsed="2.205476"/>
</kw>
<status status="FAIL" start="2025-06-18T23:49:00.539468" elapsed="8.134922"/>
</suite>
<statistics>
<total>
<stat pass="0" fail="1" skip="0">All Tests</stat>
</total>
<tag>
</tag>
<suite>
<stat name="Hello" id="s1" pass="0" fail="1" skip="0">Hello</stat>
</suite>
</statistics>
<errors>
<msg time="2025-06-18T23:49:06.244574" level="WARN">Keyword 'Capture Page Screenshot' could not be run on failure: Message: no such window: target window already closed
from unknown error: web view not found
  (Session info: chrome=137.0.7151.104)
Stacktrace:
	GetHandleVerifier [0x0x7ff737c3cda5+78885]
	GetHandleVerifier [0x0x7ff737c3ce00+78976]
	(No symbol) [0x0x7ff7379f9bca]
	(No symbol) [0x0x7ff7379d1e71]
	(No symbol) [0x0x7ff737a8039e]
	(No symbol) [0x0x7ff737aa0b42]
	(No symbol) [0x0x7ff737a78963]
	(No symbol) [0x0x7ff737a416b1]
	(No symbol) [0x0x7ff737a42443]
	GetHandleVerifier [0x0x7ff737f14eed+3061101]
	GetHandleVerifier [0x0x7ff737f0f33d+3037629]
	GetHandleVerifier [0x0x7ff737f2e592+3165202]
	GetHandleVerifier [0x0x7ff737c5730e+186766]
	GetHandleVerifier [0x0x7ff737c5eb3f+217535]
	GetHandleVerifier [0x0x7ff737c459b4+114740]
	GetHandleVerifier [0x0x7ff737c45b69+115177]
	GetHandleVerifier [0x0x7ff737c2c368+10728]
	BaseThreadInitThunk [0x0x7ffdfc377344+20]
	RtlUserThreadStart [0x0x7ffdfcee26b1+33]
</msg>
</errors>
</robot>
